<?xml version="1.0" encoding="UTF-8"?>
<testng-results ignored="0" total="1" passed="1" failed="0" skipped="0">
  <reporter-output>
  </reporter-output>
  <suite started-at="2025-10-15T15:33:21 IST" name="XYZ Bank Automation Suite" finished-at="2025-10-15T15:33:31 IST" duration-ms="9909">
    <groups>
      <group name="cucumber">
        <method signature="AbstractTestNGCucumberTests.runScenario(io.cucumber.testng.PickleWrapper,io.cucumber.testng.FeatureWrapper)[pri:0, instance:com.sin.xyzbank.runners.AccountNumberMatchTestRunner@7c7b252e]" name="runScenario" class="io.cucumber.testng.AbstractTestNGCucumberTests"/>
      </group> <!-- cucumber -->
    </groups>
    <test started-at="2025-10-15T15:33:21 IST" name="Customer Account Tests" finished-at="2025-10-15T15:33:31 IST" duration-ms="9909">
      <class name="com.sin.xyzbank.runners.AccountNumberMatchTestRunner">
        <test-method is-config="true" signature="setUpClass(org.testng.ITestContext)[pri:0, instance:com.sin.xyzbank.runners.AccountNumberMatchTestRunner@7c7b252e]" started-at="2025-10-15T15:33:21 IST" name="setUpClass" finished-at="2025-10-15T15:33:21 IST" duration-ms="491" status="PASS">
          <params>
            <param index="0">
              <value>
                <![CDATA[org.testng.TestRunner@a33b4e3]]>
              </value>
            </param>
          </params>
          <reporter-output>
          </reporter-output>
        </test-method> <!-- setUpClass -->
        <test-method signature="runScenario(io.cucumber.testng.PickleWrapper,io.cucumber.testng.FeatureWrapper)[pri:0, instance:com.sin.xyzbank.runners.AccountNumberMatchTestRunner@7c7b252e]" started-at="2025-10-15T15:33:21 IST" name="runScenario" description="Runs Cucumber Scenarios" data-provider="scenarios" finished-at="2025-10-15T15:33:31 IST" duration-ms="9322" status="PASS">
          <params>
            <param index="0">
              <value>
                <![CDATA["Successful login for a customer"]]>
              </value>
            </param>
            <param index="1">
              <value>
                <![CDATA["XYZ Bank Customer Login and Account Verification"]]>
              </value>
            </param>
          </params>
          <reporter-output>
          </reporter-output>
        </test-method> <!-- runScenario -->
        <test-method is-config="true" signature="tearDownClass()[pri:0, instance:com.sin.xyzbank.runners.AccountNumberMatchTestRunner@7c7b252e]" started-at="2025-10-15T15:33:31 IST" name="tearDownClass" finished-at="2025-10-15T15:33:31 IST" duration-ms="68" status="PASS">
          <reporter-output>
          </reporter-output>
        </test-method> <!-- tearDownClass -->
      </class> <!-- com.sin.xyzbank.runners.AccountNumberMatchTestRunner -->
    </test> <!-- Customer Account Tests -->
  </suite> <!-- XYZ Bank Automation Suite -->
</testng-results>
