<?xml version="1.0" encoding="UTF-8"?>
<testsuite xmlns:xsi="http://www.w3.org/2001/XMLSchema-instance" xsi:noNamespaceSchemaLocation="https://maven.apache.org/surefire/maven-surefire-plugin/xsd/surefire-test-report-3.0.xsd" version="3.0" name="TestSuite" time="9.216" tests="1" errors="0" skipped="0" failures="0">
  <properties>
[...]
</properties>
  <testcase name="runScenario[&quot;Successful login for a customer&quot;, &quot;XYZ Bank Customer Login and Account Verification&quot;](1)" classname="com.sin.xyzbank.runners.AccountNumberMatchTestRunner" time="7.87">
    <system-out><![CDATA[
@CustomerLogin
Scenario: Successful login for a customer                                 # file:///c:/Users/2438044/OneDrive%20-%20Cognizant/Desktop/repositories/java-training/xyzbank/src/test/resources/features/accountNumber.feature:7
User is on the home page.
  ✔ Given the user is on the XYZ Bank home page                           # com.sin.xyzbank.steps.CustomerLoginSteps.the_user_is_on_the_xyz_bank_home_page()
  ✔ When the user clicks on the Customer Login button                     # com.sin.xyzbank.steps.CustomerLoginSteps.the_user_clicks_on_the_customer_login_button()
  ✔ And the user selects their name "Hermoine Granger" from the list      # com.sin.xyzbank.steps.CustomerLoginSteps.the_user_selects_their_name_from_the_list(java.lang.String)
  ✔ And the user clicks the Login button                                  # com.sin.xyzbank.steps.CustomerLoginSteps.the_user_clicks_the_login_button()
  ✔ Then the user should be logged in and see their account number "1001" # com.sin.xyzbank.steps.CustomerLoginSteps.the_user_should_be_logged_in_and_see_their_account_number(java.lang.String)
]]></system-out>
  </testcase>
</testsuite>